... logging to /home/agilex/.ros/log/83c16ca4-6a42-11f1-aa8a-48b02d3c846d/roslaunch-xavier-14952.log
Checking log directory for disk usage. This may take a while.
Press Ctrl-C to interrupt
Done checking log file disk usage. Usage is <1GB.
]2;/mnt/ros/catkin_ws/src/scout_pointcloud_accumulator/launch/realsense_mapping.launch
[1mstarted roslaunch server http://xavier:46711/[0m

SUMMARY
========

PARAMETERS
 * /camera/realsense2_camera/accel_fps: -1
 * /camera/realsense2_camera/accel_frame_id: camera_accel_frame
 * /camera/realsense2_camera/accel_optical_frame_id: camera_accel_opti...
 * /camera/realsense2_camera/align_depth: True
 * /camera/realsense2_camera/aligned_depth_to_color_frame_id: camera_aligned_de...
 * /camera/realsense2_camera/aligned_depth_to_fisheye1_frame_id: camera_aligned_de...
 * /camera/realsense2_camera/aligned_depth_to_fisheye2_frame_id: camera_aligned_de...
 * /camera/realsense2_camera/aligned_depth_to_fisheye_frame_id: camera_aligned_de...
 * /camera/realsense2_camera/aligned_depth_to_infra1_frame_id: camera_aligned_de...
 * /camera/realsense2_camera/aligned_depth_to_infra2_frame_id: camera_aligned_de...
 * /camera/realsense2_camera/allow_no_texture_points: False
 * /camera/realsense2_camera/base_frame_id: camera_link
 * /camera/realsense2_camera/calib_odom_file: 
 * /camera/realsense2_camera/clip_distance: -1.0
 * /camera/realsense2_camera/color_fps: 6
 * /camera/realsense2_camera/color_frame_id: camera_color_frame
 * /camera/realsense2_camera/color_height: 480
 * /camera/realsense2_camera/color_optical_frame_id: camera_color_opti...
 * /camera/realsense2_camera/color_width: 640
 * /camera/realsense2_camera/confidence_fps: -1
 * /camera/realsense2_camera/confidence_height: -1
 * /camera/realsense2_camera/confidence_width: -1
 * /camera/realsense2_camera/depth_fps: 6
 * /camera/realsense2_camera/depth_frame_id: camera_depth_frame
 * /camera/realsense2_camera/depth_height: 480
 * /camera/realsense2_camera/depth_optical_frame_id: camera_depth_opti...
 * /camera/realsense2_camera/depth_width: 640
 * /camera/realsense2_camera/device_type: 
 * /camera/realsense2_camera/enable_accel: False
 * /camera/realsense2_camera/enable_color: True
 * /camera/realsense2_camera/enable_confidence: True
 * /camera/realsense2_camera/enable_depth: True
 * /camera/realsense2_camera/enable_fisheye1: False
 * /camera/realsense2_camera/enable_fisheye2: False
 * /camera/realsense2_camera/enable_fisheye: False
 * /camera/realsense2_camera/enable_gyro: False
 * /camera/realsense2_camera/enable_infra1: False
 * /camera/realsense2_camera/enable_infra2: False
 * /camera/realsense2_camera/enable_infra: False
 * /camera/realsense2_camera/enable_pointcloud: False
 * /camera/realsense2_camera/enable_pose: False
 * /camera/realsense2_camera/enable_sync: False
 * /camera/realsense2_camera/filters: 
 * /camera/realsense2_camera/fisheye1_frame_id: camera_fisheye1_f...
 * /camera/realsense2_camera/fisheye1_optical_frame_id: camera_fisheye1_o...
 * /camera/realsense2_camera/fisheye2_frame_id: camera_fisheye2_f...
 * /camera/realsense2_camera/fisheye2_optical_frame_id: camera_fisheye2_o...
 * /camera/realsense2_camera/fisheye_fps: -1
 * /camera/realsense2_camera/fisheye_frame_id: camera_fisheye_frame
 * /camera/realsense2_camera/fisheye_height: -1
 * /camera/realsense2_camera/fisheye_optical_frame_id: camera_fisheye_op...
 * /camera/realsense2_camera/fisheye_width: -1
 * /camera/realsense2_camera/gyro_fps: -1
 * /camera/realsense2_camera/gyro_frame_id: camera_gyro_frame
 * /camera/realsense2_camera/gyro_optical_frame_id: camera_gyro_optic...
 * /camera/realsense2_camera/imu_optical_frame_id: camera_imu_optica...
 * /camera/realsense2_camera/infra1_frame_id: camera_infra1_frame
 * /camera/realsense2_camera/infra1_optical_frame_id: camera_infra1_opt...
 * /camera/realsense2_camera/infra2_frame_id: camera_infra2_frame
 * /camera/realsense2_camera/infra2_optical_frame_id: camera_infra2_opt...
 * /camera/realsense2_camera/infra_fps: -1
 * /camera/realsense2_camera/infra_height: -1
 * /camera/realsense2_camera/infra_rgb: False
 * /camera/realse[0m[ INFO] [1781696936.765068763]: Initializing nodelet with 8 worker threads.[0m
[0m[ INFO] [1781696936.996409969]: RealSense ROS v2.2.22[0m
[0m[ INFO] [1781696936.996594970]: Built with LibRealSense v2.50.0[0m
[0m[ INFO] [1781696936.997385789]: Running with LibRealSense v2.50.0[0m
[0m[ INFO] [1781696937.062910108]:  [0m
[0m[ INFO] [1781696937.456297666]: Device with serial number 135522077961 was found.
[0m
[0m[ INFO] [1781696937.456666066]: Device with physical ID 2-4.1.4-16 was found.[0m
[0m[ INFO] [1781696937.456870747]: Device with name Intel RealSense D435 was found.[0m
[0m[ INFO] [1781696937.458331325]: Device with port number 2-4.1.4 was found.[0m
[0m[ INFO] [1781696937.458398112]: Device USB type: 3.2[0m
[0m[ INFO] [1781696937.458455714]: Resetting device...[0m
[0m[ INFO] [1781696943.570480740]:  [0m
[0m[ INFO] [1781696943.709014931]: Device with serial number 135522077961 was found.
[0m
[0m[ INFO] [1781696943.709096662]: Device with physical ID 2-4.1.4-17 was found.[0m
[0m[ INFO] [1781696943.709132408]: Device with name Intel RealSense D435 was found.[0m
[0m[ INFO] [1781696943.710168102]: Device with port number 2-4.1.4 was found.[0m
[0m[ INFO] [1781696943.710226025]: Device USB type: 3.2[0m
[0m[ INFO] [1781696943.717066140]: getParameters...[0m
[0m[ INFO] [1781696944.276280538]: setupDevice...[0m
[0m[ INFO] [1781696944.276348669]: JSON file is not provided[0m
[0m[ INFO] [1781696944.276388255]: ROS Node Namespace: camera[0m
[0m[ INFO] [1781696944.276439426]: Device Name: Intel RealSense D435[0m
[0m[ INFO] [1781696944.276488772]: Device Serial No: 135522077961[0m
[0m[ INFO] [1781696944.276525573]: Device physical port: 2-4.1.4-17[0m
[0m[ INFO] [1781696944.276560327]: Device FW version: 05.17.00.10[0m
[0m[ INFO] [1781696944.276600297]: Device Product ID: 0x0B07[0m
[0m[ INFO] [1781696944.276634954]: Enable PointCloud: Off[0m
[0m[ INFO] [1781696944.276692653]: Align Depth: On[0m
[0m[ INFO] [1781696944.276725486]: Sync Mode: On[0m
[0m[ INFO] [1781696944.276833427]: Device Sensors: [0m
[0m[ INFO] [1781696944.390782257]: Stereo Module was found.[0m
[0m[ INFO] [1781696944.422516195]: RGB Camera was found.[0m
[0m[ INFO] [1781696944.422670026]: (Confidence, 0) sensor isn't supported by current device! -- Skipping...[0m
[0m[ INFO] [1781696944.422736749]: num_filters: 0[0m
[0m[ INFO] [1781696944.422772942]: Setting Dynamic reconfig parameters.[0m
hwmon command 0x80( 5 0 0 0 ) failed (response -7= HW not ready)
hwmon command 0x80( 5 0 0 0 ) failed (response -7= HW not ready)
hwmon command 0x80( 5 0 0 0 ) failed (response -7= HW not ready)
hwmon command 0x80( 5 0 0 0 ) failed (response -7= HW not ready)
[0m[ INFO] [1781696948.928430749]: Done Setting Dynamic reconfig parameters.[0m
[0m[ INFO] [1781696948.929538319]: depth stream is enabled - width: 640, height: 480, fps: 6, Format: Z16[0m
[0m[ INFO] [1781696948.930551548]: color stream is enabled - width: 640, height: 480, fps: 6, Format: RGB8[0m
[0m[ INFO] [1781696948.932413744]: setupPublishers...[0m
[0m[ INFO] [1781696948.941964125]: Expected frequency for depth = 6.00000[0m
[0m[ INFO] [1781696949.061281004]: Expected frequency for color = 6.00000[0m
[0m[ INFO] [1781696949.155535798]: Expected frequency for aligned_depth_to_color = 6.00000[0m
[0m[ INFO] [1781696949.258396930]: setupStreams...[0m
[0m[ INFO] [1781696949.434591917]: insert Depth to Stereo Module[0m
[0m[ INFO] [1781696949.434824439]: insert Color to RGB Camera[0m
 17/06 19:49:09,525 WARNING [546786234752] (messenger-libusb.cpp:42) control_transfer returned error, index: 768, error: Resource temporarily unavailable, number: 11
[33m[ WARN] [1781696949.920164576]: [0m
[0m[ INFO] [1781696949.576608824]: SELECTED BASE:Depth, 0[0m
[0m[ INFO] [1781696949.629725194]: RealSense Node Is Up![0m
 17/06 19:49:10,305 WARNING [546786234752] (messenger-libusb.cpp:42) control_transfer returned error, index: 768, error: Resource temporarily unavailable, number: 11
 17/06 19:49:10,634 WARNING [546786234752] (messenger-libusb.cpp:42) control_transfer returned error, index: 768, error: Resource temporarily unavailable, number: 11
 17/06 19:49:10,685 WARNING [546786234752] (messenger-libusb.cpp:42) control_transfer returned error, index: 768, error: Resource temporarily unavailable, number: 11
 17/06 19:49:49,688 ERROR [546157076864] (ds5-options.cpp:88) Asic Temperature value is not valid!
 17/06 19:49:50,689 ERROR [546157076864] (ds5-options.cpp:88) Asic Temperature value is not valid!
 17/06 19:49:51,690 ERROR [546157076864] (ds5-options.cpp:88) Asic Temperature value is not valid!
 17/06 19:50:08,078 WARNING [546786234752] (messenger-libusb.cpp:42) control_transfer returned error, index: 300, error: Resource temporarily unavailable, number: b
 17/06 19:50:40,147 WARNING [546786234752] (messenger-libusb.cpp:42) control_transfer returned error, index: 300, error: Resource temporarily unavailable, number: b
nse2_camera/infra_width: -1
 * /camera/realsense2_camera/initial_reset: True
 * /camera/realsense2_camera/json_file_path: 
 * /camera/realsense2_camera/linear_accel_cov: 0.01
 * /camera/realsense2_camera/odom_frame_id: camera_odom_frame
 * /camera/realsense2_camera/ordered_pc: False
 * /camera/realsense2_camera/pointcloud_texture_index: 0
 * /camera/realsense2_camera/pointcloud_texture_stream: RS2_STREAM_COLOR
 * /camera/realsense2_camera/pose_frame_id: camera_pose_frame
 * /camera/realsense2_camera/pose_optical_frame_id: camera_pose_optic...
 * /camera/realsense2_camera/publish_odom_tf: True
 * /camera/realsense2_camera/publish_tf: True
 * /camera/realsense2_camera/rosbag_filename: 
 * /camera/realsense2_camera/serial_no: 
 * /camera/realsense2_camera/tf_publish_rate: 0.0
 * /camera/realsense2_camera/topic_odom_in: odom_in
 * /camera/realsense2_camera/unite_imu_method: 
 * /camera/realsense2_camera/usb_port_id: 
 * /rosdistro: melodic
 * /rosversion: 1.14.13

NODES
  /camera/
    realsense2_camera (nodelet/nodelet)
    realsense2_camera_manager (nodelet/nodelet)

[1mROS_MASTER_URI=http://localhost:11311[0m
]2;/mnt/ros/catkin_ws/src/scout_pointcloud_accumulator/launch/realsense_mapping.launch http://localhost:11311
[1mprocess[camera/realsense2_camera_manager-1]: started with pid [15351][0m
[1mprocess[camera/realsense2_camera-2]: started with pid [15352][0m
[camera/realsense2_camera-2] killing on exit
[camera/realsense2_camera_manager-1] killing on exit
shutting down processing monitor...
... shutting down processing monitor complete
[1mdone[0m
